生成启动时间为 2019/8/1 14:53:56。
     1>项目“E:\exercise\LeetCode\14_1\14_1\14_1.vcxproj”在节点 2 上(build 个目标)。
     1>InitializeBuildStatus:
         正在创建“Debug\14_1.unsuccessfulbuild”，因为已指定“AlwaysCreate”。
       ClCompile:
         所有输出均为最新。
         d:\path_software\vs2010\VC\bin\CL.exe /c /ZI /nologo /W3 /WX- /Od /Oy- /D WIN32 /D _DEBUG /D _CONSOLE /D _UNICODE /D UNICODE /Gm /EHsc /RTC1 /MDd /GS /fp:precise /Zc:wchar_t /Zc:forScope /Yu"StdAfx.h" /Fp"Debug\14_1.pch" /Fo"Debug\\" /Fd"Debug\vc100.pdb" /Gd /TP /analyze- /errorReport:prompt 14_1.cpp
         14_1.cpp
     1>e:\exercise\leetcode\14_1\14_1\14_1.cpp(18): warning C4018: “<”: 有符号/无符号不匹配
     1>e:\exercise\leetcode\14_1\14_1\14_1.cpp(20): warning C4018: “>”: 有符号/无符号不匹配
     1>e:\exercise\leetcode\14_1\14_1\14_1.cpp(27): warning C4018: “<”: 有符号/无符号不匹配
       ManifestResourceCompile:
         所有输出均为最新。
       Link:
         d:\path_software\vs2010\VC\bin\link.exe /ERRORREPORT:PROMPT /OUT:"E:\exercise\LeetCode\14_1\Debug\14_1.exe" /INCREMENTAL /NOLOGO kernel32.lib user32.lib gdi32.lib winspool.lib comdlg32.lib advapi32.lib shell32.lib ole32.lib oleaut32.lib uuid.lib odbc32.lib odbccp32.lib /MANIFEST /ManifestFile:"Debug\14_1.exe.intermediate.manifest" /MANIFESTUAC:"level='asInvoker' uiAccess='false'" /DEBUG /PDB:"E:\exercise\LeetCode\14_1\Debug\14_1.pdb" /SUBSYSTEM:CONSOLE /TLBID:1 /DYNAMICBASE /NXCOMPAT /IMPLIB:"E:\exercise\LeetCode\14_1\Debug\14_1.lib" /MACHINE:X86 Debug\14_1.exe.embed.manifest.res
         Debug\14_1.obj
         Debug\stdafx.obj
       Manifest:
         C:\Program Files (x86)\Microsoft SDKs\Windows\v7.0A\bin\mt.exe /nologo /verbose /out:"Debug\14_1.exe.embed.manifest" /manifest Debug\14_1.exe.intermediate.manifest
         所有输出均为最新。
       LinkEmbedManifest:
         所有输出均为最新。
         14_1.vcxproj -> E:\exercise\LeetCode\14_1\Debug\14_1.exe
       FinalizeBuildStatus:
         正在删除文件“Debug\14_1.unsuccessfulbuild”。
         正在对“Debug\14_1.lastbuildstate”执行 Touch 任务。
     1>已完成生成项目“E:\exercise\LeetCode\14_1\14_1\14_1.vcxproj”(build 个目标)的操作。

生成成功。

已用时间 00:00:00.69
